  pch.cpp
  color_refine.cpp
  dllmain.cpp
  color_refine.h
C:\Users\Big Daddy Patrick\Desktop\PythonSatAPI\quick-refine\color_refine.cpp(68,12): warning C4244: 'initializing': conversion from 'double' to 'float', possible loss of data
C:\Users\Big Daddy Patrick\Desktop\PythonSatAPI\quick-refine\color_refine.cpp(69,12): warning C4244: 'initializing': conversion from 'double' to 'float', possible loss of data
C:\Users\Big Daddy Patrick\Desktop\PythonSatAPI\quick-refine\color_refine.cpp(72,16): warning C4244: 'initializing': conversion from 'double' to 'float', possible loss of data
C:\Users\Big Daddy Patrick\Desktop\PythonSatAPI\quick-refine\color_refine.cpp(73,16): warning C4244: 'initializing': conversion from 'double' to 'float', possible loss of data
C:\Users\Big Daddy Patrick\Desktop\PythonSatAPI\quick-refine\color_refine.cpp(75,16): warning C4244: 'initializing': conversion from 'double' to 'float', possible loss of data
C:\Users\Big Daddy Patrick\Desktop\PythonSatAPI\quick-refine\color_refine.cpp(76,16): warning C4244: 'initializing': conversion from 'double' to 'float', possible loss of data
C:\Users\Big Daddy Patrick\Desktop\PythonSatAPI\quick-refine\color_refine.cpp(82,29): warning C4244: '=': conversion from 'double' to 'float', possible loss of data
C:\Users\Big Daddy Patrick\Desktop\PythonSatAPI\quick-refine\color_refine.cpp(88,29): warning C4244: '=': conversion from 'double' to 'float', possible loss of data
C:\Users\Big Daddy Patrick\Desktop\PythonSatAPI\quick-refine\color_refine.cpp(133,12): warning C4244: 'initializing': conversion from 'double' to 'float', possible loss of data
C:\Users\Big Daddy Patrick\Desktop\PythonSatAPI\quick-refine\color_refine.cpp(137,12): warning C4244: 'initializing': conversion from 'double' to 'float', possible loss of data
C:\Users\Big Daddy Patrick\Desktop\PythonSatAPI\quick-refine\color_refine.cpp(139,14): warning C4244: 'return': conversion from 'double' to 'float', possible loss of data
quick-refine\x64\Release\color_refine.obj : warning LNK4042: object specified more than once; extras ignored
     Creating library C:\Users\Big Daddy Patrick\Desktop\PythonSatAPI\quick-refine\x64\Release\quick-refine.lib and object C:\Users\Big Daddy Patrick\Desktop\PythonSatAPI\quick-refine\x64\Release\quick-refine.exp
  Generating code
  11 of 11 functions (100.0%) were compiled.
    0 functions were new in current compilation
    0 functions had inline decision re-evaluated but remain unchanged
  Finished generating code
  quick-refine.vcxproj -> C:\Users\Big Daddy Patrick\Desktop\PythonSatAPI\quick-refine\x64\Release\quick-refine.dll
